#
# There is insufficient memory for the Java Runtime Environment to continue.
# Native memory allocation (malloc) failed to allocate 756016 bytes for Chunk::new
# Possible reasons:
#   The system is out of physical RAM or swap space
#   The process is running with CompressedOops enabled, and the Java Heap may be blocking the growth of the native heap
# Possible solutions:
#   Reduce memory load on the system
#   Increase physical memory or swap space
#   Check if swap backing store is full
#   Decrease Java heap size (-Xmx/-Xms)
#   Decrease number of Java threads
#   Decrease Java thread stack sizes (-Xss)
#   Set larger code cache with -XX:ReservedCodeCacheSize=
#   JVM is running with Zero Based Compressed Oops mode in which the Java heap is
#     placed in the first 32GB address space. The Java Heap base address is the
#     maximum limit for the native heap growth. Please use -XX:HeapBaseMinAddress
#     to set the Java Heap base and to place the Java Heap above 32GB virtual address.
# This output file may be truncated or incomplete.
#
#  Out of Memory Error (./open/src/hotspot/share/memory/arena.cpp:197), pid=29792, tid=25056
#
# JRE version: Java(TM) SE Runtime Environment 18.9 (11.0.15+8) (build 11.0.15+8-LTS-149)
# Java VM: Java HotSpot(TM) 64-Bit Server VM 18.9 (11.0.15+8-LTS-149, mixed mode, tiered, compressed oops, g1 gc, windows-amd64)
# No core dump will be written. Minidumps are not enabled by default on client versions of Windows
#

---------------  S U M M A R Y ------------

Command Line: -javaagent:C:\Program Files\JetBrains\IntelliJ IDEA Community Edition 2022.1.2\lib\idea_rt.jar=59034:C:\Program Files\JetBrains\IntelliJ IDEA Community Edition 2022.1.2\bin -Dfile.encoding=UTF-8 com.mycompany.ems.EmployeeManagementSystemApplication

Host: 11th Gen Intel(R) Core(TM) i7-1185G7 @ 3.00GHz, 8 cores, 15G,  Windows 10 , 64 bit Build 19041 (10.0.19041.1741)
Time: Fri Jul 15 23:27:35 2022 India Standard Time elapsed time: 5243.826388 seconds (0d 1h 27m 23s)

---------------  T H R E A D  ---------------

Current thread (0x000001c2a3a34000):  JavaThread "C2 CompilerThread0" daemon [_thread_in_native, id=25056, stack(0x000000bdd0b00000,0x000000bdd0c00000)]


Current CompileTask:
C2:5243826 10272   !   4       org.apache.coyote.http11.Http11Processor::service (1248 bytes)

Stack: [0x000000bdd0b00000,0x000000bdd0c00000]
Native frames: (J=compiled Java code, j=interpreted, Vv=VM code, C=native code)
V  [jvm.dll+0x629d8a]
V  [jvm.dll+0x7638ff]
V  [jvm.dll+0x764fa9]
V  [jvm.dll+0x765633]
V  [jvm.dll+0x23d9c8]
V  [jvm.dll+0xb2a1c]
V  [jvm.dll+0xb2fdc]
V  [jvm.dll+0x341047]
V  [jvm.dll+0x30e9b3]
V  [jvm.dll+0x30dcfa]
V  [jvm.dll+0x1f8565]
V  [jvm.dll+0x1f774d]
V  [jvm.dll+0x177c51]
V  [jvm.dll+0x207026]
V  [jvm.dll+0x2051bb]
V  [jvm.dll+0x729820]
V  [jvm.dll+0x7223f4]
V  [jvm.dll+0x628c26]
C  [ucrtbase.dll+0x21bb2]
C  [KERNEL32.DLL+0x17034]
C  [ntdll.dll+0x52651]


---------------  P R O C E S S  ---------------

Threads class SMR info:
_java_thread_list=0x000001c2a77ae830, length=31, elements={
0x000001c2a3121800, 0x000001c2a3123000, 0x000001c2a3a2a800, 0x000001c2a3a2d800,
0x000001c2a3a30000, 0x000001c2a3a34000, 0x000001c2a3a39800, 0x000001c2a3a44800,
0x000001c2a3ba9000, 0x000001c2a415d000, 0x000001c2a9844000, 0x000001c2a9d71800,
0x000001c2a51d3800, 0x000001c2a5740000, 0x000001c2a5746800, 0x000001c2a5746000,
0x000001c2a5741800, 0x000001c2a5742800, 0x000001c2a5743800, 0x000001c2a5744000,
0x000001c2a5745000, 0x000001c2a8593800, 0x000001c2a8593000, 0x000001c2a8596000,
0x000001c2a8594800, 0x000001c2a8590800, 0x000001c2a8595800, 0x000001c2a8597000,
0x000001c2a8591000, 0x000001c2a8592000, 0x000001c2a8598800
}

Java Threads: ( => current thread )
  0x000001c2a3121800 JavaThread "Reference Handler" daemon [_thread_blocked, id=12604, stack(0x000000bdd0600000,0x000000bdd0700000)]
  0x000001c2a3123000 JavaThread "Finalizer" daemon [_thread_blocked, id=24664, stack(0x000000bdd0700000,0x000000bdd0800000)]
  0x000001c2a3a2a800 JavaThread "Signal Dispatcher" daemon [_thread_blocked, id=27972, stack(0x000000bdd0800000,0x000000bdd0900000)]
  0x000001c2a3a2d800 JavaThread "Attach Listener" daemon [_thread_blocked, id=1608, stack(0x000000bdd0900000,0x000000bdd0a00000)]
  0x000001c2a3a30000 JavaThread "Service Thread" daemon [_thread_blocked, id=10276, stack(0x000000bdd0a00000,0x000000bdd0b00000)]
=>0x000001c2a3a34000 JavaThread "C2 CompilerThread0" daemon [_thread_in_native, id=25056, stack(0x000000bdd0b00000,0x000000bdd0c00000)]
  0x000001c2a3a39800 JavaThread "C1 CompilerThread0" daemon [_thread_blocked, id=27500, stack(0x000000bdd0c00000,0x000000bdd0d00000)]
  0x000001c2a3a44800 JavaThread "Sweeper thread" daemon [_thread_blocked, id=10076, stack(0x000000bdd0d00000,0x000000bdd0e00000)]
  0x000001c2a3ba9000 JavaThread "Common-Cleaner" daemon [_thread_blocked, id=16176, stack(0x000000bdd0e00000,0x000000bdd0f00000)]
  0x000001c2a415d000 JavaThread "Monitor Ctrl-Break" daemon [_thread_in_native, id=15500, stack(0x000000bdd1000000,0x000000bdd1100000)]
  0x000001c2a9844000 JavaThread "mysql-cj-abandoned-connection-cleanup" daemon [_thread_blocked, id=29748, stack(0x000000bdd1800000,0x000000bdd1900000)]
  0x000001c2a9d71800 JavaThread "MVStore background writer C:/Users/gosgunad/Documents/New folder/Task 1/Employee_Management_System/data/h2_db.mv.db" daemon [_thread_blocked, id=28148, stack(0x000000bdd1900000,0x000000bdd1a00000)]
  0x000001c2a51d3800 JavaThread "HikariPool-1 housekeeper" daemon [_thread_blocked, id=8128, stack(0x000000bdd1a00000,0x000000bdd1b00000)]
  0x000001c2a5740000 JavaThread "Catalina-utility-1" [_thread_blocked, id=10940, stack(0x000000bdd1c00000,0x000000bdd1d00000)]
  0x000001c2a5746800 JavaThread "Catalina-utility-2" [_thread_blocked, id=2312, stack(0x000000bdd1d00000,0x000000bdd1e00000)]
  0x000001c2a5746000 JavaThread "container-0" [_thread_blocked, id=14084, stack(0x000000bdd1e00000,0x000000bdd1f00000)]
  0x000001c2a5741800 JavaThread "H2-serialization" daemon [_thread_blocked, id=12868, stack(0x000000bdd2000000,0x000000bdd2100000)]
  0x000001c2a5742800 JavaThread "H2-save" daemon [_thread_blocked, id=8572, stack(0x000000bdd2100000,0x000000bdd2200000)]
  0x000001c2a5743800 JavaThread "http-nio-8080-exec-1" daemon [_thread_blocked, id=27708, stack(0x000000bdd2400000,0x000000bdd2500000)]
  0x000001c2a5744000 JavaThread "http-nio-8080-exec-2" daemon [_thread_blocked, id=19272, stack(0x000000bdd2500000,0x000000bdd2600000)]
  0x000001c2a5745000 JavaThread "http-nio-8080-exec-3" daemon [_thread_blocked, id=17084, stack(0x000000bdd2600000,0x000000bdd2700000)]
  0x000001c2a8593800 JavaThread "http-nio-8080-exec-4" daemon [_thread_blocked, id=10864, stack(0x000000bdd2700000,0x000000bdd2800000)]
  0x000001c2a8593000 JavaThread "http-nio-8080-exec-5" daemon [_thread_blocked, id=4664, stack(0x000000bdd2800000,0x000000bdd2900000)]
  0x000001c2a8596000 JavaThread "http-nio-8080-exec-6" daemon [_thread_blocked, id=6316, stack(0x000000bdd2900000,0x000000bdd2a00000)]
  0x000001c2a8594800 JavaThread "http-nio-8080-exec-7" daemon [_thread_blocked, id=14160, stack(0x000000bdd2a00000,0x000000bdd2b00000)]
  0x000001c2a8590800 JavaThread "http-nio-8080-exec-8" daemon [_thread_blocked, id=30596, stack(0x000000bdd2b00000,0x000000bdd2c00000)]
  0x000001c2a8595800 JavaThread "http-nio-8080-exec-9" daemon [_thread_blocked, id=8352, stack(0x000000bdd2c00000,0x000000bdd2d00000)]
  0x000001c2a8597000 JavaThread "http-nio-8080-exec-10" daemon [_thread_blocked, id=24724, stack(0x000000bdd2d00000,0x000000bdd2e00000)]
  0x000001c2a8591000 JavaThread "http-nio-8080-Poller" daemon [_thread_in_native, id=29040, stack(0x000000bdd2e00000,0x000000bdd2f00000)]
  0x000001c2a8592000 JavaThread "http-nio-8080-Acceptor" daemon [_thread_in_native, id=29968, stack(0x000000bdd2f00000,0x000000bdd3000000)]
  0x000001c2a8598800 JavaThread "DestroyJavaVM" [_thread_blocked, id=15164, stack(0x000000bdcff00000,0x000000bdd0000000)]

Other Threads:
  0x000001c2a311f800 VMThread "VM Thread" [stack: 0x000000bdd0500000,0x000000bdd0600000] [id=13852]
  0x000001c2a415e000 WatcherThread [stack: 0x000000bdd1100000,0x000000bdd1200000] [id=24376]
  0x000001c2fc29e000 GCTaskThread "GC Thread#0" [stack: 0x000000bdd0000000,0x000000bdd0100000] [id=19944]
  0x000001c2a4e43800 GCTaskThread "GC Thread#1" [stack: 0x000000bdd1200000,0x000000bdd1300000] [id=13476]
  0x000001c2a4d42000 GCTaskThread "GC Thread#2" [stack: 0x000000bdd1300000,0x000000bdd1400000] [id=28188]
  0x000001c2a4b5b000 GCTaskThread "GC Thread#3" [stack: 0x000000bdd1400000,0x000000bdd1500000] [id=11344]
  0x000001c2a4936800 GCTaskThread "GC Thread#4" [stack: 0x000000bdd1500000,0x000000bdd1600000] [id=27644]
  0x000001c2a4937800 GCTaskThread "GC Thread#5" [stack: 0x000000bdd1600000,0x000000bdd1700000] [id=25184]
  0x000001c2aa64d800 GCTaskThread "GC Thread#6" [stack: 0x000000bdd2200000,0x000000bdd2300000] [id=22472]
  0x000001c2aa64b800 GCTaskThread "GC Thread#7" [stack: 0x000000bdd2300000,0x000000bdd2400000] [id=18996]
  0x000001c2fc2f2800 ConcurrentGCThread "G1 Main Marker" [stack: 0x000000bdd0100000,0x000000bdd0200000] [id=17640]
  0x000001c2fc2f5800 ConcurrentGCThread "G1 Conc#0" [stack: 0x000000bdd0200000,0x000000bdd0300000] [id=27828]
  0x000001c2a4f7e000 ConcurrentGCThread "G1 Conc#1" [stack: 0x000000bdd1700000,0x000000bdd1800000] [id=29196]
  0x000001c2a3007800 ConcurrentGCThread "G1 Refine#0" [stack: 0x000000bdd0300000,0x000000bdd0400000] [id=13564]
  0x000001c2a3008800 ConcurrentGCThread "G1 Young RemSet Sampling" [stack: 0x000000bdd0400000,0x000000bdd0500000] [id=9000]

Threads with active compile tasks:
C2 CompilerThread05243872 10272   !   4       org.apache.coyote.http11.Http11Processor::service (1248 bytes)

VM state:not at safepoint (normal execution)

VM Mutex/Monitor currently owned by a thread: None

Heap address: 0x0000000704e00000, size: 4018 MB, Compressed Oops mode: Zero based, Oop shift amount: 3
Narrow klass base: 0x0000000800000000, Narrow klass shift: 0
Compressed class space size: 1073741824 Address: 0x0000000800000000

Heap:
 garbage-first heap   total 310272K, used 33722K [0x0000000704e00000, 0x0000000800000000)
  region size 1024K, 14 young (14336K), 7 survivors (7168K)
 Metaspace       used 74975K, capacity 76865K, committed 77088K, reserved 1116160K
  class space    used 9242K, capacity 10005K, committed 10028K, reserved 1048576K
Heap Regions: E=young(eden), S=young(survivor), O=old, HS=humongous(starts), HC=humongous(continues), CS=collection set, F=free, A=archive, TAMS=top-at-mark-start (previous, next)
|   0|0x0000000704e00000, 0x0000000704f00000, 0x0000000704f00000|100%|HS|  |TAMS 0x0000000704f00000, 0x0000000704e00000| Complete 
|   1|0x0000000704f00000, 0x0000000705000000, 0x0000000705000000|100%| O|  |TAMS 0x0000000705000000, 0x0000000704f00000| Untracked 
|   2|0x0000000705000000, 0x0000000705100000, 0x0000000705100000|100%| O|  |TAMS 0x0000000705100000, 0x0000000705000000| Untracked 
|   3|0x0000000705100000, 0x0000000705200000, 0x0000000705200000|100%| O|  |TAMS 0x0000000705200000, 0x0000000705100000| Untracked 
|   4|0x0000000705200000, 0x0000000705300000, 0x0000000705300000|100%| O|  |TAMS 0x0000000705300000, 0x0000000705200000| Untracked 
|   5|0x0000000705300000, 0x0000000705400000, 0x0000000705400000|100%| O|  |TAMS 0x0000000705400000, 0x0000000705300000| Untracked 
|   6|0x0000000705400000, 0x0000000705500000, 0x0000000705500000|100%| O|  |TAMS 0x000000070545d800, 0x0000000705400000| Untracked 
|   7|0x0000000705500000, 0x0000000705600000, 0x0000000705600000|100%|HS|  |TAMS 0x0000000705600000, 0x0000000705500000| Complete 
|   8|0x0000000705600000, 0x0000000705700000, 0x0000000705700000|100%|HC|  |TAMS 0x0000000705700000, 0x0000000705600000| Complete 
|   9|0x0000000705700000, 0x0000000705800000, 0x0000000705800000|100%| O|  |TAMS 0x0000000705700000, 0x0000000705700000| Untracked 
|  10|0x0000000705800000, 0x0000000705900000, 0x0000000705900000|100%| O|  |TAMS 0x0000000705800000, 0x0000000705800000| Untracked 
|  11|0x0000000705900000, 0x0000000705a00000, 0x0000000705a00000|100%| O|  |TAMS 0x0000000705900000, 0x0000000705900000| Untracked 
|  12|0x0000000705a00000, 0x0000000705b00000, 0x0000000705b00000|100%| O|  |TAMS 0x0000000705a00000, 0x0000000705a00000| Untracked 
|  13|0x0000000705b00000, 0x0000000705c00000, 0x0000000705c00000|100%| O|  |TAMS 0x0000000705b00000, 0x0000000705b00000| Untracked 
|  14|0x0000000705c00000, 0x0000000705d00000, 0x0000000705d00000|100%| O|  |TAMS 0x0000000705c00000, 0x0000000705c00000| Untracked 
|  15|0x0000000705d00000, 0x0000000705e00000, 0x0000000705e00000|100%| O|  |TAMS 0x0000000705d00000, 0x0000000705d00000| Untracked 
|  16|0x0000000705e00000, 0x0000000705f00000, 0x0000000705f00000|100%| O|  |TAMS 0x0000000705e00000, 0x0000000705e00000| Untracked 
|  17|0x0000000705f00000, 0x0000000706000000, 0x0000000706000000|100%| O|  |TAMS 0x0000000705f00000, 0x0000000705f00000| Untracked 
|  18|0x0000000706000000, 0x0000000706100000, 0x0000000706100000|100%| O|  |TAMS 0x0000000706000000, 0x0000000706000000| Untracked 
|  19|0x0000000706100000, 0x0000000706200000, 0x0000000706200000|100%| O|  |TAMS 0x0000000706100000, 0x0000000706100000| Untracked 
|  20|0x0000000706200000, 0x0000000706280400, 0x0000000706300000| 50%| O|  |TAMS 0x0000000706200000, 0x0000000706200000| Untracked 
|  21|0x0000000706300000, 0x0000000706300000, 0x0000000706400000|  0%| F|  |TAMS 0x0000000706300000, 0x0000000706300000| Untracked 
|  22|0x0000000706400000, 0x0000000706400000, 0x0000000706500000|  0%| F|  |TAMS 0x0000000706400000, 0x0000000706400000| Untracked 
|  23|0x0000000706500000, 0x0000000706500000, 0x0000000706600000|  0%| F|  |TAMS 0x0000000706500000, 0x0000000706500000| Untracked 
|  24|0x0000000706600000, 0x0000000706600000, 0x0000000706700000|  0%| F|  |TAMS 0x0000000706600000, 0x0000000706600000| Untracked 
|  25|0x0000000706700000, 0x0000000706700000, 0x0000000706800000|  0%| F|  |TAMS 0x0000000706700000, 0x0000000706700000| Untracked 
|  26|0x0000000706800000, 0x0000000706800000, 0x0000000706900000|  0%| F|  |TAMS 0x0000000706800000, 0x0000000706800000| Untracked 
|  27|0x0000000706900000, 0x0000000706900000, 0x0000000706a00000|  0%| F|  |TAMS 0x0000000706900000, 0x0000000706900000| Untracked 
|  28|0x0000000706a00000, 0x0000000706a00000, 0x0000000706b00000|  0%| F|  |TAMS 0x0000000706a00000, 0x0000000706a00000| Untracked 
|  29|0x0000000706b00000, 0x0000000706b00000, 0x0000000706c00000|  0%| F|  |TAMS 0x0000000706b00000, 0x0000000706b00000| Untracked 
|  30|0x0000000706c00000, 0x0000000706c00000, 0x0000000706d00000|  0%| F|  |TAMS 0x0000000706c00000, 0x0000000706c00000| Untracked 
|  31|0x0000000706d00000, 0x0000000706d00000, 0x0000000706e00000|  0%| F|  |TAMS 0x0000000706d00000, 0x0000000706d00000| Untracked 
|  32|0x0000000706e00000, 0x0000000706e00000, 0x0000000706f00000|  0%| F|  |TAMS 0x0000000706e00000, 0x0000000706e00000| Untracked 
|  33|0x0000000706f00000, 0x0000000706f00000, 0x0000000707000000|  0%| F|  |TAMS 0x0000000706f00000, 0x0000000706f00000| Untracked 
|  34|0x0000000707000000, 0x0000000707000000, 0x0000000707100000|  0%| F|  |TAMS 0x0000000707000000, 0x0000000707000000| Untracked 
|  35|0x0000000707100000, 0x0000000707100000, 0x0000000707200000|  0%| F|  |TAMS 0x0000000707100000, 0x0000000707100000| Untracked 
|  36|0x0000000707200000, 0x0000000707200000, 0x0000000707300000|  0%| F|  |TAMS 0x0000000707200000, 0x0000000707200000| Untracked 
|  37|0x0000000707300000, 0x0000000707300000, 0x0000000707400000|  0%| F|  |TAMS 0x0000000707300000, 0x0000000707300000| Untracked 
|  38|0x0000000707400000, 0x0000000707400000, 0x0000000707500000|  0%| F|  |TAMS 0x0000000707400000, 0x0000000707400000| Untracked 
|  39|0x0000000707500000, 0x0000000707500000, 0x0000000707600000|  0%| F|  |TAMS 0x0000000707500000, 0x0000000707500000| Untracked 
|  40|0x0000000707600000, 0x0000000707600000, 0x0000000707700000|  0%| F|  |TAMS 0x0000000707600000, 0x0000000707600000| Untracked 
|  41|0x0000000707700000, 0x0000000707700000, 0x0000000707800000|  0%| F|  |TAMS 0x0000000707700000, 0x0000000707700000| Untracked 
|  42|0x0000000707800000, 0x0000000707800000, 0x0000000707900000|  0%| F|  |TAMS 0x0000000707800000, 0x0000000707800000| Untracked 
|  43|0x0000000707900000, 0x0000000707900000, 0x0000000707a00000|  0%| F|  |TAMS 0x0000000707900000, 0x0000000707900000| Untracked 
|  44|0x0000000707a00000, 0x0000000707a00000, 0x0000000707b00000|  0%| F|  |TAMS 0x0000000707a00000, 0x0000000707a00000| Untracked 
|  45|0x0000000707b00000, 0x0000000707b00000, 0x0000000707c00000|  0%| F|  |TAMS 0x0000000707b00000, 0x0000000707b00000| Untracked 
|  46|0x0000000707c00000, 0x0000000707c00000, 0x0000000707d00000|  0%| F|  |TAMS 0x0000000707c00000, 0x0000000707c00000| Untracked 
|  47|0x0000000707d00000, 0x0000000707d00000, 0x0000000707e00000|  0%| F|  |TAMS 0x0000000707d00000, 0x0000000707d00000| Untracked 
|  48|0x0000000707e00000, 0x0000000707e00000, 0x0000000707f00000|  0%| F|  |TAMS 0x0000000707e00000, 0x0000000707e00000| Untracked 
|  49|0x0000000707f00000, 0x0000000707f00000, 0x0000000708000000|  0%| F|  |TAMS 0x0000000707f00000, 0x0000000707f00000| Untracked 
|  50|0x0000000708000000, 0x0000000708000000, 0x0000000708100000|  0%| F|  |TAMS 0x0000000708000000, 0x0000000708000000| Untracked 
|  51|0x0000000708100000, 0x0000000708100000, 0x0000000708200000|  0%| F|  |TAMS 0x0000000708100000, 0x0000000708100000| Untracked 
|  52|0x0000000708200000, 0x0000000708200000, 0x0000000708300000|  0%| F|  |TAMS 0x0000000708200000, 0x0000000708200000| Untracked 
|  53|0x0000000708300000, 0x0000000708300000, 0x0000000708400000|  0%| F|  |TAMS 0x0000000708300000, 0x0000000708300000| Untracked 
|  54|0x0000000708400000, 0x0000000708400000, 0x0000000708500000|  0%| F|  |TAMS 0x0000000708400000, 0x0000000708400000| Untracked 
|  55|0x0000000708500000, 0x0000000708500000, 0x0000000708600000|  0%| F|  |TAMS 0x0000000708500000, 0x0000000708500000| Untracked 
|  56|0x0000000708600000, 0x0000000708600000, 0x0000000708700000|  0%| F|  |TAMS 0x0000000708600000, 0x0000000708600000| Untracked 
|  57|0x0000000708700000, 0x0000000708700000, 0x0000000708800000|  0%| F|  |TAMS 0x0000000708700000, 0x0000000708700000| Untracked 
|  58|0x0000000708800000, 0x0000000708800000, 0x0000000708900000|  0%| F|  |TAMS 0x0000000708800000, 0x0000000708800000| Untracked 
|  59|0x0000000708900000, 0x0000000708900000, 0x0000000708a00000|  0%| F|  |TAMS 0x0000000708900000, 0x0000000708900000| Untracked 
|  60|0x0000000708a00000, 0x0000000708a00000, 0x0000000708b00000|  0%| F|  |TAMS 0x0000000708a00000, 0x0000000708a00000| Untracked 
|  61|0x0000000708b00000, 0x0000000708b00000, 0x0000000708c00000|  0%| F|  |TAMS 0x0000000708b00000, 0x0000000708b00000| Untracked 
|  62|0x0000000708c00000, 0x0000000708c00000, 0x0000000708d00000|  0%| F|  |TAMS 0x0000000708c00000, 0x0000000708c00000| Untracked 
|  63|0x0000000708d00000, 0x0000000708d00000, 0x0000000708e00000|  0%| F|  |TAMS 0x0000000708d00000, 0x0000000708d00000| Untracked 
|  64|0x0000000708e00000, 0x0000000708e00000, 0x0000000708f00000|  0%| F|  |TAMS 0x0000000708e00000, 0x0000000708e00000| Untracked 
|  65|0x0000000708f00000, 0x0000000708f00000, 0x0000000709000000|  0%| F|  |TAMS 0x0000000708f00000, 0x0000000708f00000| Untracked 
|  66|0x0000000709000000, 0x0000000709000000, 0x0000000709100000|  0%| F|  |TAMS 0x0000000709000000, 0x0000000709000000| Untracked 
|  67|0x0000000709100000, 0x0000000709100000, 0x0000000709200000|  0%| F|  |TAMS 0x0000000709100000, 0x0000000709100000| Untracked 
|  68|0x0000000709200000, 0x0000000709200000, 0x0000000709300000|  0%| F|  |TAMS 0x0000000709200000, 0x0000000709200000| Untracked 
|  69|0x0000000709300000, 0x0000000709300000, 0x0000000709400000|  0%| F|  |TAMS 0x0000000709300000, 0x0000000709300000| Untracked 
|  70|0x0000000709400000, 0x0000000709400000, 0x0000000709500000|  0%| F|  |TAMS 0x0000000709400000, 0x0000000709400000| Untracked 
|  71|0x0000000709500000, 0x0000000709500000, 0x0000000709600000|  0%| F|  |TAMS 0x0000000709500000, 0x0000000709500000| Untracked 
|  72|0x0000000709600000, 0x0000000709600000, 0x0000000709700000|  0%| F|  |TAMS 0x0000000709600000, 0x0000000709600000| Untracked 
|  73|0x0000000709700000, 0x0000000709700000, 0x0000000709800000|  0%| F|  |TAMS 0x0000000709700000, 0x0000000709700000| Untracked 
|  74|0x0000000709800000, 0x0000000709800000, 0x0000000709900000|  0%| F|  |TAMS 0x0000000709800000, 0x0000000709800000| Untracked 
|  75|0x0000000709900000, 0x0000000709900000, 0x0000000709a00000|  0%| F|  |TAMS 0x0000000709900000, 0x0000000709900000| Untracked 
|  76|0x0000000709a00000, 0x0000000709a00000, 0x0000000709b00000|  0%| F|  |TAMS 0x0000000709a00000, 0x0000000709a00000| Untracked 
|  77|0x0000000709b00000, 0x0000000709b00000, 0x0000000709c00000|  0%| F|  |TAMS 0x0000000709b00000, 0x0000000709b00000| Untracked 
|  78|0x0000000709c00000, 0x0000000709c00000, 0x0000000709d00000|  0%| F|  |TAMS 0x0000000709c00000, 0x0000000709c00000| Untracked 
|  79|0x0000000709d00000, 0x0000000709d00000, 0x0000000709e00000|  0%| F|  |TAMS 0x0000000709d00000, 0x0000000709d00000| Untracked 
|  80|0x0000000709e00000, 0x0000000709e00000, 0x0000000709f00000|  0%| F|  |TAMS 0x0000000709e00000, 0x0000000709e00000| Untracked 
|  81|0x0000000709f00000, 0x0000000709f00000, 0x000000070a000000|  0%| F|  |TAMS 0x0000000709f00000, 0x0000000709f00000| Untracked 
|  82|0x000000070a000000, 0x000000070a000000, 0x000000070a100000|  0%| F|  |TAMS 0x000000070a000000, 0x000000070a000000| Untracked 
|  83|0x000000070a100000, 0x000000070a100000, 0x000000070a200000|  0%| F|  |TAMS 0x000000070a100000, 0x000000070a100000| Untracked 
|  84|0x000000070a200000, 0x000000070a200000, 0x000000070a300000|  0%| F|  |TAMS 0x000000070a200000, 0x000000070a200000| Untracked 
|  85|0x000000070a300000, 0x000000070a300000, 0x000000070a400000|  0%| F|  |TAMS 0x000000070a300000, 0x000000070a300000| Untracked 
|  86|0x000000070a400000, 0x000000070a400000, 0x000000070a500000|  0%| F|  |TAMS 0x000000070a400000, 0x000000070a400000| Untracked 
|  87|0x000000070a500000, 0x000000070a500000, 0x000000070a600000|  0%| F|  |TAMS 0x000000070a500000, 0x000000070a500000| Untracked 
|  88|0x000000070a600000, 0x000000070a600000, 0x000000070a700000|  0%| F|  |TAMS 0x000000070a600000, 0x000000070a600000| Untracked 
|  89|0x000000070a700000, 0x000000070a700000, 0x000000070a800000|  0%| F|  |TAMS 0x000000070a700000, 0x000000070a700000| Untracked 
|  90|0x000000070a800000, 0x000000070a800000, 0x000000070a900000|  0%| F|  |TAMS 0x000000070a800000, 0x000000070a800000| Untracked 
|  91|0x000000070a900000, 0x000000070a900000, 0x000000070aa00000|  0%| F|  |TAMS 0x000000070a900000, 0x000000070a900000| Untracked 
|  92|0x000000070aa00000, 0x000000070aa00000, 0x000000070ab00000|  0%| F|  |TAMS 0x000000070aa00000, 0x000000070aa00000| Untracked 
|  93|0x000000070ab00000, 0x000000070ab00000, 0x000000070ac00000|  0%| F|  |TAMS 0x000000070ab00000, 0x000000070ab00000| Untracked 
|  94|0x000000070ac00000, 0x000000070ac00000, 0x000000070ad00000|  0%| F|  |TAMS 0x000000070ac00000, 0x000000070ac00000| Untracked 
|  95|0x000000070ad00000, 0x000000070ad00000, 0x000000070ae00000|  0%| F|  |TAMS 0x000000070ad00000, 0x000000070ad00000| Untracked 
|  96|0x000000070ae00000, 0x000000070ae00000, 0x000000070af00000|  0%| F|  |TAMS 0x000000070ae00000, 0x000000070ae00000| Untracked 
|  97|0x000000070af00000, 0x000000070af00000, 0x000000070b000000|  0%| F|  |TAMS 0x000000070af00000, 0x000000070af00000| Untracked 
|  98|0x000000070b000000, 0x000000070b000000, 0x000000070b100000|  0%| F|  |TAMS 0x000000070b000000, 0x000000070b000000| Untracked 
|  99|0x000000070b100000, 0x000000070b100000, 0x000000070b200000|  0%| F|  |TAMS 0x000000070b100000, 0x000000070b100000| Untracked 
| 100|0x000000070b200000, 0x000000070b200000, 0x000000070b300000|  0%| F|  |TAMS 0x000000070b200000, 0x000000070b200000| Untracked 
| 101|0x000000070b300000, 0x000000070b300000, 0x000000070b400000|  0%| F|  |TAMS 0x000000070b300000, 0x000000070b300000| Untracked 
| 102|0x000000070b400000, 0x000000070b400000, 0x000000070b500000|  0%| F|  |TAMS 0x000000070b400000, 0x000000070b400000| Untracked 
| 103|0x000000070b500000, 0x000000070b500000, 0x000000070b600000|  0%| F|  |TAMS 0x000000070b500000, 0x000000070b500000| Untracked 
| 104|0x000000070b600000, 0x000000070b600000, 0x000000070b700000|  0%| F|  |TAMS 0x000000070b600000, 0x000000070b600000| Untracked 
| 105|0x000000070b700000, 0x000000070b700000, 0x000000070b800000|  0%| F|  |TAMS 0x000000070b700000, 0x000000070b700000| Untracked 
| 106|0x000000070b800000, 0x000000070b800000, 0x000000070b900000|  0%| F|  |TAMS 0x000000070b800000, 0x000000070b800000| Untracked 
| 107|0x000000070b900000, 0x000000070b900000, 0x000000070ba00000|  0%| F|  |TAMS 0x000000070b900000, 0x000000070b900000| Untracked 
| 108|0x000000070ba00000, 0x000000070ba00000, 0x000000070bb00000|  0%| F|  |TAMS 0x000000070ba00000, 0x000000070ba00000| Untracked 
| 109|0x000000070bb00000, 0x000000070bb00000, 0x000000070bc00000|  0%| F|  |TAMS 0x000000070bb00000, 0x000000070bb00000| Untracked 
| 110|0x000000070bc00000, 0x000000070bc00000, 0x000000070bd00000|  0%| F|  |TAMS 0x000000070bc00000, 0x000000070bc00000| Untracked 
| 111|0x000000070bd00000, 0x000000070bd00000, 0x000000070be00000|  0%| F|  |TAMS 0x000000070bd00000, 0x000000070bd00000| Untracked 
| 112|0x000000070be00000, 0x000000070be00000, 0x000000070bf00000|  0%| F|  |TAMS 0x000000070be00000, 0x000000070be00000| Untracked 
| 113|0x000000070bf00000, 0x000000070bf00000, 0x000000070c000000|  0%| F|  |TAMS 0x000000070bf00000, 0x000000070bf00000| Untracked 
| 114|0x000000070c000000, 0x000000070c000000, 0x000000070c100000|  0%| F|  |TAMS 0x000000070c000000, 0x000000070c000000| Untracked 
| 115|0x000000070c100000, 0x000000070c16e4a8, 0x000000070c200000| 43%| S|CS|TAMS 0x000000070c100000, 0x000000070c100000| Complete 
| 116|0x000000070c200000, 0x000000070c300000, 0x000000070c300000|100%| S|CS|TAMS 0x000000070c200000, 0x000000070c200000| Complete 
| 117|0x000000070c300000, 0x000000070c400000, 0x000000070c400000|100%| S|CS|TAMS 0x000000070c300000, 0x000000070c300000| Complete 
| 118|0x000000070c400000, 0x000000070c500000, 0x000000070c500000|100%| S|CS|TAMS 0x000000070c400000, 0x000000070c400000| Complete 
| 119|0x000000070c500000, 0x000000070c500000, 0x000000070c600000|  0%| F|  |TAMS 0x000000070c500000, 0x000000070c500000| Untracked 
| 120|0x000000070c600000, 0x000000070c600000, 0x000000070c700000|  0%| F|  |TAMS 0x000000070c600000, 0x000000070c600000| Untracked 
| 121|0x000000070c700000, 0x000000070c700000, 0x000000070c800000|  0%| F|  |TAMS 0x000000070c700000, 0x000000070c700000| Untracked 
| 122|0x000000070c800000, 0x000000070c800000, 0x000000070c900000|  0%| F|  |TAMS 0x000000070c800000, 0x000000070c800000| Untracked 
| 123|0x000000070c900000, 0x000000070c900000, 0x000000070ca00000|  0%| F|  |TAMS 0x000000070c900000, 0x000000070c900000| Untracked 
| 124|0x000000070ca00000, 0x000000070ca00000, 0x000000070cb00000|  0%| F|  |TAMS 0x000000070ca00000, 0x000000070ca00000| Untracked 
| 125|0x000000070cb00000, 0x000000070cb00000, 0x000000070cc00000|  0%| F|  |TAMS 0x000000070cb00000, 0x000000070cb00000| Untracked 
| 126|0x000000070cc00000, 0x000000070cd00000, 0x000000070cd00000|100%| S|CS|TAMS 0x000000070cc00000, 0x000000070cc00000| Complete 
| 127|0x000000070cd00000, 0x000000070ce00000, 0x000000070ce00000|100%| S|CS|TAMS 0x000000070cd00000, 0x000000070cd00000| Complete 
| 128|0x000000070ce00000, 0x000000070cf00000, 0x000000070cf00000|100%| S|CS|TAMS 0x000000070ce00000, 0x000000070ce00000| Complete 
| 129|0x000000070cf00000, 0x000000070cf00000, 0x000000070d000000|  0%| F|  |TAMS 0x000000070cf00000, 0x000000070cf00000| Untracked 
| 130|0x000000070d000000, 0x000000070d000000, 0x000000070d100000|  0%| F|  |TAMS 0x000000070d000000, 0x000000070d000000| Untracked 
| 131|0x000000070d100000, 0x000000070d100000, 0x000000070d200000|  0%| F|  |TAMS 0x000000070d100000, 0x000000070d100000| Untracked 
| 132|0x000000070d200000, 0x000000070d200000, 0x000000070d300000|  0%| F|  |TAMS 0x000000070d200000, 0x000000070d200000| Untracked 
| 133|0x000000070d300000, 0x000000070d300000, 0x000000070d400000|  0%| F|  |TAMS 0x000000070d300000, 0x000000070d300000| Untracked 
| 134|0x000000070d400000, 0x000000070d400000, 0x000000070d500000|  0%| F|  |TAMS 0x000000070d400000, 0x000000070d400000| Untracked 
| 135|0x000000070d500000, 0x000000070d500000, 0x000000070d600000|  0%| F|  |TAMS 0x000000070d500000, 0x000000070d500000| Untracked 
| 136|0x000000070d600000, 0x000000070d600000, 0x000000070d700000|  0%| F|  |TAMS 0x000000070d600000, 0x000000070d600000| Untracked 
| 137|0x000000070d700000, 0x000000070d700000, 0x000000070d800000|  0%| F|  |TAMS 0x000000070d700000, 0x000000070d700000| Untracked 
| 138|0x000000070d800000, 0x000000070d800000, 0x000000070d900000|  0%| F|  |TAMS 0x000000070d800000, 0x000000070d800000| Untracked 
| 139|0x000000070d900000, 0x000000070d900000, 0x000000070da00000|  0%| F|  |TAMS 0x000000070d900000, 0x000000070d900000| Untracked 
| 140|0x000000070da00000, 0x000000070da00000, 0x000000070db00000|  0%| F|  |TAMS 0x000000070da00000, 0x000000070da00000| Untracked 
| 141|0x000000070db00000, 0x000000070db00000, 0x000000070dc00000|  0%| F|  |TAMS 0x000000070db00000, 0x000000070db00000| Untracked 
| 142|0x000000070dc00000, 0x000000070dc00000, 0x000000070dd00000|  0%| F|  |TAMS 0x000000070dc00000, 0x000000070dc00000| Untracked 
| 143|0x000000070dd00000, 0x000000070dd00000, 0x000000070de00000|  0%| F|  |TAMS 0x000000070dd00000, 0x000000070dd00000| Untracked 
| 144|0x000000070de00000, 0x000000070de00000, 0x000000070df00000|  0%| F|  |TAMS 0x000000070de00000, 0x000000070de00000| Untracked 
| 145|0x000000070df00000, 0x000000070df00000, 0x000000070e000000|  0%| F|  |TAMS 0x000000070df00000, 0x000000070df00000| Untracked 
| 146|0x000000070e000000, 0x000000070e000000, 0x000000070e100000|  0%| F|  |TAMS 0x000000070e000000, 0x000000070e000000| Untracked 
| 147|0x000000070e100000, 0x000000070e100000, 0x000000070e200000|  0%| F|  |TAMS 0x000000070e100000, 0x000000070e100000| Untracked 
| 148|0x000000070e200000, 0x000000070e200000, 0x000000070e300000|  0%| F|  |TAMS 0x000000070e200000, 0x000000070e200000| Untracked 
| 149|0x000000070e300000, 0x000000070e300000, 0x000000070e400000|  0%| F|  |TAMS 0x000000070e300000, 0x000000070e300000| Untracked 
| 150|0x000000070e400000, 0x000000070e400000, 0x000000070e500000|  0%| F|  |TAMS 0x000000070e400000, 0x000000070e400000| Untracked 
| 151|0x000000070e500000, 0x000000070e500000, 0x000000070e600000|  0%| F|  |TAMS 0x000000070e500000, 0x000000070e500000| Untracked 
| 152|0x000000070e600000, 0x000000070e600000, 0x000000070e700000|  0%| F|  |TAMS 0x000000070e600000, 0x000000070e600000| Untracked 
| 153|0x000000070e700000, 0x000000070e700000, 0x000000070e800000|  0%| F|  |TAMS 0x000000070e700000, 0x000000070e700000| Untracked 
| 154|0x000000070e800000, 0x000000070e800000, 0x000000070e900000|  0%| F|  |TAMS 0x000000070e800000, 0x000000070e800000| Untracked 
| 155|0x000000070e900000, 0x000000070e900000, 0x000000070ea00000|  0%| F|  |TAMS 0x000000070e900000, 0x000000070e900000| Untracked 
| 156|0x000000070ea00000, 0x000000070ea00000, 0x000000070eb00000|  0%| F|  |TAMS 0x000000070ea00000, 0x000000070ea00000| Untracked 
| 157|0x000000070eb00000, 0x000000070eb00000, 0x000000070ec00000|  0%| F|  |TAMS 0x000000070eb00000, 0x000000070eb00000| Untracked 
| 158|0x000000070ec00000, 0x000000070ec00000, 0x000000070ed00000|  0%| F|  |TAMS 0x000000070ec00000, 0x000000070ec00000| Untracked 
| 159|0x000000070ed00000, 0x000000070ed00000, 0x000000070ee00000|  0%| F|  |TAMS 0x000000070ed00000, 0x000000070ed00000| Untracked 
| 160|0x000000070ee00000, 0x000000070ee00000, 0x000000070ef00000|  0%| F|  |TAMS 0x000000070ee00000, 0x000000070ee00000| Untracked 
| 161|0x000000070ef00000, 0x000000070ef00000, 0x000000070f000000|  0%| F|  |TAMS 0x000000070ef00000, 0x000000070ef00000| Untracked 
| 162|0x000000070f000000, 0x000000070f000000, 0x000000070f100000|  0%| F|  |TAMS 0x000000070f000000, 0x000000070f000000| Untracked 
| 163|0x000000070f100000, 0x000000070f100000, 0x000000070f200000|  0%| F|  |TAMS 0x000000070f100000, 0x000000070f100000| Untracked 
| 164|0x000000070f200000, 0x000000070f200000, 0x000000070f300000|  0%| F|  |TAMS 0x000000070f200000, 0x000000070f200000| Untracked 
| 165|0x000000070f300000, 0x000000070f300000, 0x000000070f400000|  0%| F|  |TAMS 0x000000070f300000, 0x000000070f300000| Untracked 
| 166|0x000000070f400000, 0x000000070f400000, 0x000000070f500000|  0%| F|  |TAMS 0x000000070f400000, 0x000000070f400000| Untracked 
| 167|0x000000070f500000, 0x000000070f500000, 0x000000070f600000|  0%| F|  |TAMS 0x000000070f500000, 0x000000070f500000| Untracked 
| 168|0x000000070f600000, 0x000000070f600000, 0x000000070f700000|  0%| F|  |TAMS 0x000000070f600000, 0x000000070f600000| Untracked 
| 169|0x000000070f700000, 0x000000070f700000, 0x000000070f800000|  0%| F|  |TAMS 0x000000070f700000, 0x000000070f700000| Untracked 
| 170|0x000000070f800000, 0x000000070f800000, 0x000000070f900000|  0%| F|  |TAMS 0x000000070f800000, 0x000000070f800000| Untracked 
| 171|0x000000070f900000, 0x000000070f900000, 0x000000070fa00000|  0%| F|  |TAMS 0x000000070f900000, 0x000000070f900000| Untracked 
| 172|0x000000070fa00000, 0x000000070fa00000, 0x000000070fb00000|  0%| F|  |TAMS 0x000000070fa00000, 0x000000070fa00000| Untracked 
| 173|0x000000070fb00000, 0x000000070fb00000, 0x000000070fc00000|  0%| F|  |TAMS 0x000000070fb00000, 0x000000070fb00000| Untracked 
| 174|0x000000070fc00000, 0x000000070fc00000, 0x000000070fd00000|  0%| F|  |TAMS 0x000000070fc00000, 0x000000070fc00000| Untracked 
| 175|0x000000070fd00000, 0x000000070fd00000, 0x000000070fe00000|  0%| F|  |TAMS 0x000000070fd00000, 0x000000070fd00000| Untracked 
| 176|0x000000070fe00000, 0x000000070fe00000, 0x000000070ff00000|  0%| F|  |TAMS 0x000000070fe00000, 0x000000070fe00000| Untracked 
| 177|0x000000070ff00000, 0x000000070ff00000, 0x0000000710000000|  0%| F|  |TAMS 0x000000070ff00000, 0x000000070ff00000| Untracked 
| 178|0x0000000710000000, 0x0000000710000000, 0x0000000710100000|  0%| F|  |TAMS 0x0000000710000000, 0x0000000710000000| Untracked 
| 179|0x0000000710100000, 0x0000000710100000, 0x0000000710200000|  0%| F|  |TAMS 0x0000000710100000, 0x0000000710100000| Untracked 
| 180|0x0000000710200000, 0x0000000710200000, 0x0000000710300000|  0%| F|  |TAMS 0x0000000710200000, 0x0000000710200000| Untracked 
| 181|0x0000000710300000, 0x0000000710300000, 0x0000000710400000|  0%| F|  |TAMS 0x0000000710300000, 0x0000000710300000| Untracked 
| 182|0x0000000710400000, 0x0000000710400000, 0x0000000710500000|  0%| F|  |TAMS 0x0000000710400000, 0x0000000710400000| Untracked 
| 183|0x0000000710500000, 0x0000000710500000, 0x0000000710600000|  0%| F|  |TAMS 0x0000000710500000, 0x0000000710500000| Untracked 
| 184|0x0000000710600000, 0x0000000710600000, 0x0000000710700000|  0%| F|  |TAMS 0x0000000710600000, 0x0000000710600000| Untracked 
| 185|0x0000000710700000, 0x0000000710700000, 0x0000000710800000|  0%| F|  |TAMS 0x0000000710700000, 0x0000000710700000| Untracked 
| 186|0x0000000710800000, 0x0000000710800000, 0x0000000710900000|  0%| F|  |TAMS 0x0000000710800000, 0x0000000710800000| Untracked 
| 187|0x0000000710900000, 0x0000000710900000, 0x0000000710a00000|  0%| F|  |TAMS 0x0000000710900000, 0x0000000710900000| Untracked 
| 188|0x0000000710a00000, 0x0000000710a00000, 0x0000000710b00000|  0%| F|  |TAMS 0x0000000710a00000, 0x0000000710a00000| Untracked 
| 189|0x0000000710b00000, 0x0000000710b00000, 0x0000000710c00000|  0%| F|  |TAMS 0x0000000710b00000, 0x0000000710b00000| Untracked 
| 190|0x0000000710c00000, 0x0000000710c00000, 0x0000000710d00000|  0%| F|  |TAMS 0x0000000710c00000, 0x0000000710c00000| Untracked 
| 191|0x0000000710d00000, 0x0000000710d00000, 0x0000000710e00000|  0%| F|  |TAMS 0x0000000710d00000, 0x0000000710d00000| Untracked 
| 192|0x0000000710e00000, 0x0000000710e00000, 0x0000000710f00000|  0%| F|  |TAMS 0x0000000710e00000, 0x0000000710e00000| Untracked 
| 193|0x0000000710f00000, 0x0000000710f00000, 0x0000000711000000|  0%| F|  |TAMS 0x0000000710f00000, 0x0000000710f00000| Untracked 
| 194|0x0000000711000000, 0x0000000711000000, 0x0000000711100000|  0%| F|  |TAMS 0x0000000711000000, 0x0000000711000000| Untracked 
| 195|0x0000000711100000, 0x0000000711100000, 0x0000000711200000|  0%| F|  |TAMS 0x0000000711100000, 0x0000000711100000| Untracked 
| 196|0x0000000711200000, 0x0000000711200000, 0x0000000711300000|  0%| F|  |TAMS 0x0000000711200000, 0x0000000711200000| Untracked 
| 197|0x0000000711300000, 0x0000000711300000, 0x0000000711400000|  0%| F|  |TAMS 0x0000000711300000, 0x0000000711300000| Untracked 
| 198|0x0000000711400000, 0x0000000711400000, 0x0000000711500000|  0%| F|  |TAMS 0x0000000711400000, 0x0000000711400000| Untracked 
| 199|0x0000000711500000, 0x0000000711500000, 0x0000000711600000|  0%| F|  |TAMS 0x0000000711500000, 0x0000000711500000| Untracked 
| 200|0x0000000711600000, 0x0000000711600000, 0x0000000711700000|  0%| F|  |TAMS 0x0000000711600000, 0x0000000711600000| Untracked 
| 201|0x0000000711700000, 0x0000000711700000, 0x0000000711800000|  0%| F|  |TAMS 0x0000000711700000, 0x0000000711700000| Untracked 
| 202|0x0000000711800000, 0x0000000711800000, 0x0000000711900000|  0%| F|  |TAMS 0x0000000711800000, 0x0000000711800000| Untracked 
| 203|0x0000000711900000, 0x0000000711900000, 0x0000000711a00000|  0%| F|  |TAMS 0x0000000711900000, 0x0000000711900000| Untracked 
| 204|0x0000000711a00000, 0x0000000711a00000, 0x0000000711b00000|  0%| F|  |TAMS 0x0000000711a00000, 0x0000000711a00000| Untracked 
| 205|0x0000000711b00000, 0x0000000711b00000, 0x0000000711c00000|  0%| F|  |TAMS 0x0000000711b00000, 0x0000000711b00000| Untracked 
| 206|0x0000000711c00000, 0x0000000711c00000, 0x0000000711d00000|  0%| F|  |TAMS 0x0000000711c00000, 0x0000000711c00000| Untracked 
| 207|0x0000000711d00000, 0x0000000711d00000, 0x0000000711e00000|  0%| F|  |TAMS 0x0000000711d00000, 0x0000000711d00000| Untracked 
| 208|0x0000000711e00000, 0x0000000711e00000, 0x0000000711f00000|  0%| F|  |TAMS 0x0000000711e00000, 0x0000000711e00000| Untracked 
| 209|0x0000000711f00000, 0x0000000711f00000, 0x0000000712000000|  0%| F|  |TAMS 0x0000000711f00000, 0x0000000711f00000| Untracked 
| 210|0x0000000712000000, 0x0000000712000000, 0x0000000712100000|  0%| F|  |TAMS 0x0000000712000000, 0x0000000712000000| Untracked 
| 211|0x0000000712100000, 0x0000000712100000, 0x0000000712200000|  0%| F|  |TAMS 0x0000000712100000, 0x0000000712100000| Untracked 
| 212|0x0000000712200000, 0x0000000712200000, 0x0000000712300000|  0%| F|  |TAMS 0x0000000712200000, 0x0000000712200000| Untracked 
| 213|0x0000000712300000, 0x0000000712300000, 0x0000000712400000|  0%| F|  |TAMS 0x0000000712300000, 0x0000000712300000| Untracked 
| 214|0x0000000712400000, 0x0000000712400000, 0x0000000712500000|  0%| F|  |TAMS 0x0000000712400000, 0x0000000712400000| Untracked 
| 215|0x0000000712500000, 0x0000000712500000, 0x0000000712600000|  0%| F|  |TAMS 0x0000000712500000, 0x0000000712500000| Untracked 
| 216|0x0000000712600000, 0x0000000712600000, 0x0000000712700000|  0%| F|  |TAMS 0x0000000712600000, 0x0000000712600000| Untracked 
| 217|0x0000000712700000, 0x0000000712700000, 0x0000000712800000|  0%| F|  |TAMS 0x0000000712700000, 0x0000000712700000| Untracked 
| 218|0x0000000712800000, 0x0000000712800000, 0x0000000712900000|  0%| F|  |TAMS 0x0000000712800000, 0x0000000712800000| Untracked 
| 219|0x0000000712900000, 0x0000000712900000, 0x0000000712a00000|  0%| F|  |TAMS 0x0000000712900000, 0x0000000712900000| Untracked 
| 220|0x0000000712a00000, 0x0000000712a00000, 0x0000000712b00000|  0%| F|  |TAMS 0x0000000712a00000, 0x0000000712a00000| Untracked 
| 221|0x0000000712b00000, 0x0000000712b00000, 0x0000000712c00000|  0%| F|  |TAMS 0x0000000712b00000, 0x0000000712b00000| Untracked 
| 222|0x0000000712c00000, 0x0000000712c00000, 0x0000000712d00000|  0%| F|  |TAMS 0x0000000712c00000, 0x0000000712c00000| Untracked 
| 223|0x0000000712d00000, 0x0000000712d00000, 0x0000000712e00000|  0%| F|  |TAMS 0x0000000712d00000, 0x0000000712d00000| Untracked 
| 224|0x0000000712e00000, 0x0000000712e00000, 0x0000000712f00000|  0%| F|  |TAMS 0x0000000712e00000, 0x0000000712e00000| Untracked 
| 225|0x0000000712f00000, 0x0000000712f00000, 0x0000000713000000|  0%| F|  |TAMS 0x0000000712f00000, 0x0000000712f00000| Untracked 
| 226|0x0000000713000000, 0x0000000713000000, 0x0000000713100000|  0%| F|  |TAMS 0x0000000713000000, 0x0000000713000000| Untracked 
| 227|0x0000000713100000, 0x0000000713100000, 0x0000000713200000|  0%| F|  |TAMS 0x0000000713100000, 0x0000000713100000| Untracked 
| 228|0x0000000713200000, 0x0000000713200000, 0x0000000713300000|  0%| F|  |TAMS 0x0000000713200000, 0x0000000713200000| Untracked 
| 229|0x0000000713300000, 0x0000000713300000, 0x0000000713400000|  0%| F|  |TAMS 0x0000000713300000, 0x0000000713300000| Untracked 
| 230|0x0000000713400000, 0x0000000713400000, 0x0000000713500000|  0%| F|  |TAMS 0x0000000713400000, 0x0000000713400000| Untracked 
| 231|0x0000000713500000, 0x0000000713500000, 0x0000000713600000|  0%| F|  |TAMS 0x0000000713500000, 0x0000000713500000| Untracked 
| 232|0x0000000713600000, 0x0000000713600000, 0x0000000713700000|  0%| F|  |TAMS 0x0000000713600000, 0x0000000713600000| Untracked 
| 233|0x0000000713700000, 0x0000000713700000, 0x0000000713800000|  0%| F|  |TAMS 0x0000000713700000, 0x0000000713700000| Untracked 
| 234|0x0000000713800000, 0x0000000713800000, 0x0000000713900000|  0%| F|  |TAMS 0x0000000713800000, 0x0000000713800000| Untracked 
| 235|0x0000000713900000, 0x0000000713900000, 0x0000000713a00000|  0%| F|  |TAMS 0x0000000713900000, 0x0000000713900000| Untracked 
| 236|0x0000000713a00000, 0x0000000713a00000, 0x0000000713b00000|  0%| F|  |TAMS 0x0000000713a00000, 0x0000000713a00000| Untracked 
| 237|0x0000000713b00000, 0x0000000713b00000, 0x0000000713c00000|  0%| F|  |TAMS 0x0000000713b00000, 0x0000000713b00000| Untracked 
| 238|0x0000000713c00000, 0x0000000713c00000, 0x0000000713d00000|  0%| F|  |TAMS 0x0000000713c00000, 0x0000000713c00000| Untracked 
| 239|0x0000000713d00000, 0x0000000713d00000, 0x0000000713e00000|  0%| F|  |TAMS 0x0000000713d00000, 0x0000000713d00000| Untracked 
| 240|0x0000000713e00000, 0x0000000713e00000, 0x0000000713f00000|  0%| F|  |TAMS 0x0000000713e00000, 0x0000000713e00000| Untracked 
| 241|0x0000000713f00000, 0x0000000713f00000, 0x0000000714000000|  0%| F|  |TAMS 0x0000000713f00000, 0x0000000713f00000| Untracked 
| 242|0x0000000714000000, 0x0000000714000000, 0x0000000714100000|  0%| F|  |TAMS 0x0000000714000000, 0x0000000714000000| Untracked 
| 243|0x0000000714100000, 0x0000000714100000, 0x0000000714200000|  0%| F|  |TAMS 0x0000000714100000, 0x0000000714100000| Untracked 
| 244|0x0000000714200000, 0x0000000714200000, 0x0000000714300000|  0%| F|  |TAMS 0x0000000714200000, 0x0000000714200000| Untracked 
| 245|0x0000000714300000, 0x0000000714300000, 0x0000000714400000|  0%| F|  |TAMS 0x0000000714300000, 0x0000000714300000| Untracked 
| 246|0x0000000714400000, 0x0000000714400000, 0x0000000714500000|  0%| F|  |TAMS 0x0000000714400000, 0x0000000714400000| Untracked 
| 247|0x0000000714500000, 0x0000000714500000, 0x0000000714600000|  0%| F|  |TAMS 0x0000000714500000, 0x0000000714500000| Untracked 
| 248|0x0000000714600000, 0x0000000714600000, 0x0000000714700000|  0%| F|  |TAMS 0x0000000714600000, 0x0000000714600000| Untracked 
| 249|0x0000000714700000, 0x0000000714700000, 0x0000000714800000|  0%| F|  |TAMS 0x0000000714700000, 0x0000000714700000| Untracked 
| 250|0x0000000714800000, 0x0000000714800000, 0x0000000714900000|  0%| F|  |TAMS 0x0000000714800000, 0x0000000714800000| Untracked 
| 251|0x0000000714900000, 0x0000000714900000, 0x0000000714a00000|  0%| F|  |TAMS 0x0000000714900000, 0x0000000714900000| Untracked 
| 252|0x0000000714a00000, 0x0000000714a00000, 0x0000000714b00000|  0%| F|  |TAMS 0x0000000714a00000, 0x0000000714a00000| Untracked 
| 253|0x0000000714b00000, 0x0000000714b00000, 0x0000000714c00000|  0%| F|  |TAMS 0x0000000714b00000, 0x0000000714b00000| Untracked 
| 254|0x0000000714c00000, 0x0000000714c00000, 0x0000000714d00000|  0%| F|  |TAMS 0x0000000714c00000, 0x0000000714c00000| Untracked 
| 255|0x0000000714d00000, 0x0000000714d00000, 0x0000000714e00000|  0%| F|  |TAMS 0x0000000714d00000, 0x0000000714d00000| Untracked 
| 256|0x0000000714e00000, 0x0000000714e00000, 0x0000000714f00000|  0%| F|  |TAMS 0x0000000714e00000, 0x0000000714e00000| Untracked 
| 257|0x0000000714f00000, 0x0000000714f00000, 0x0000000715000000|  0%| F|  |TAMS 0x0000000714f00000, 0x0000000714f00000| Untracked 
| 258|0x0000000715000000, 0x0000000715000000, 0x0000000715100000|  0%| F|  |TAMS 0x0000000715000000, 0x0000000715000000| Untracked 
| 259|0x0000000715100000, 0x0000000715100000, 0x0000000715200000|  0%| F|  |TAMS 0x0000000715100000, 0x0000000715100000| Untracked 
| 260|0x0000000715200000, 0x0000000715200000, 0x0000000715300000|  0%| F|  |TAMS 0x0000000715200000, 0x0000000715200000| Untracked 
| 261|0x0000000715300000, 0x0000000715300000, 0x0000000715400000|  0%| F|  |TAMS 0x0000000715300000, 0x0000000715300000| Untracked 
| 262|0x0000000715400000, 0x0000000715400000, 0x0000000715500000|  0%| F|  |TAMS 0x0000000715400000, 0x0000000715400000| Untracked 
| 263|0x0000000715500000, 0x0000000715500000, 0x0000000715600000|  0%| F|  |TAMS 0x0000000715500000, 0x0000000715500000| Untracked 
| 264|0x0000000715600000, 0x0000000715600000, 0x0000000715700000|  0%| F|  |TAMS 0x0000000715600000, 0x0000000715600000| Untracked 
| 265|0x0000000715700000, 0x0000000715700000, 0x0000000715800000|  0%| F|  |TAMS 0x0000000715700000, 0x0000000715700000| Untracked 
| 266|0x0000000715800000, 0x0000000715800000, 0x0000000715900000|  0%| F|  |TAMS 0x0000000715800000, 0x0000000715800000| Untracked 
| 267|0x0000000715900000, 0x0000000715900000, 0x0000000715a00000|  0%| F|  |TAMS 0x0000000715900000, 0x0000000715900000| Untracked 
| 268|0x0000000715a00000, 0x0000000715a00000, 0x0000000715b00000|  0%| F|  |TAMS 0x0000000715a00000, 0x0000000715a00000| Untracked 
| 269|0x0000000715b00000, 0x0000000715b00000, 0x0000000715c00000|  0%| F|  |TAMS 0x0000000715b00000, 0x0000000715b00000| Untracked 
| 270|0x0000000715c00000, 0x0000000715c00000, 0x0000000715d00000|  0%| F|  |TAMS 0x0000000715c00000, 0x0000000715c00000| Untracked 
| 271|0x0000000715d00000, 0x0000000715d00000, 0x0000000715e00000|  0%| F|  |TAMS 0x0000000715d00000, 0x0000000715d00000| Untracked 
| 272|0x0000000715e00000, 0x0000000715e00000, 0x0000000715f00000|  0%| F|  |TAMS 0x0000000715e00000, 0x0000000715e00000| Untracked 
| 273|0x0000000715f00000, 0x0000000715f00000, 0x0000000716000000|  0%| F|  |TAMS 0x0000000715f00000, 0x0000000715f00000| Untracked 
| 274|0x0000000716000000, 0x0000000716000000, 0x0000000716100000|  0%| F|  |TAMS 0x0000000716000000, 0x0000000716000000| Untracked 
| 275|0x0000000716100000, 0x0000000716100000, 0x0000000716200000|  0%| F|  |TAMS 0x0000000716100000, 0x0000000716100000| Untracked 
| 276|0x0000000716200000, 0x0000000716200000, 0x0000000716300000|  0%| F|  |TAMS 0x0000000716200000, 0x0000000716200000| Untracked 
| 277|0x0000000716300000, 0x0000000716300000, 0x0000000716400000|  0%| F|  |TAMS 0x0000000716300000, 0x0000000716300000| Untracked 
| 278|0x0000000716400000, 0x0000000716400000, 0x0000000716500000|  0%| F|  |TAMS 0x0000000716400000, 0x0000000716400000| Untracked 
| 279|0x0000000716500000, 0x0000000716500000, 0x0000000716600000|  0%| F|  |TAMS 0x0000000716500000, 0x0000000716500000| Untracked 
| 280|0x0000000716600000, 0x0000000716600000, 0x0000000716700000|  0%| F|  |TAMS 0x0000000716600000, 0x0000000716600000| Untracked 
| 281|0x0000000716700000, 0x0000000716700000, 0x0000000716800000|  0%| F|  |TAMS 0x0000000716700000, 0x0000000716700000| Untracked 
| 282|0x0000000716800000, 0x0000000716800000, 0x0000000716900000|  0%| F|  |TAMS 0x0000000716800000, 0x0000000716800000| Untracked 
| 283|0x0000000716900000, 0x0000000716900000, 0x0000000716a00000|  0%| F|  |TAMS 0x0000000716900000, 0x0000000716900000| Untracked 
| 284|0x0000000716a00000, 0x0000000716a00000, 0x0000000716b00000|  0%| F|  |TAMS 0x0000000716a00000, 0x0000000716a00000| Untracked 
| 285|0x0000000716b00000, 0x0000000716b00000, 0x0000000716c00000|  0%| F|  |TAMS 0x0000000716b00000, 0x0000000716b00000| Untracked 
| 286|0x0000000716c00000, 0x0000000716c00000, 0x0000000716d00000|  0%| F|  |TAMS 0x0000000716c00000, 0x0000000716c00000| Untracked 
| 287|0x0000000716d00000, 0x0000000716d00000, 0x0000000716e00000|  0%| F|  |TAMS 0x0000000716d00000, 0x0000000716d00000| Untracked 
| 288|0x0000000716e00000, 0x0000000716e00000, 0x0000000716f00000|  0%| F|  |TAMS 0x0000000716e00000, 0x0000000716e00000| Untracked 
| 289|0x0000000716f00000, 0x0000000716f00000, 0x0000000717000000|  0%| F|  |TAMS 0x0000000716f00000, 0x0000000716f00000| Untracked 
| 290|0x0000000717000000, 0x0000000717000000, 0x0000000717100000|  0%| F|  |TAMS 0x0000000717000000, 0x0000000717000000| Untracked 
| 291|0x0000000717100000, 0x0000000717100000, 0x0000000717200000|  0%| F|  |TAMS 0x0000000717100000, 0x0000000717100000| Untracked 
| 292|0x0000000717200000, 0x0000000717200000, 0x0000000717300000|  0%| F|  |TAMS 0x0000000717200000, 0x0000000717200000| Untracked 
| 293|0x0000000717300000, 0x0000000717300000, 0x0000000717400000|  0%| F|  |TAMS 0x0000000717300000, 0x0000000717300000| Untracked 
| 294|0x0000000717400000, 0x0000000717400000, 0x0000000717500000|  0%| F|  |TAMS 0x0000000717400000, 0x0000000717400000| Untracked 
| 295|0x0000000717500000, 0x0000000717500000, 0x0000000717600000|  0%| F|  |TAMS 0x0000000717500000, 0x0000000717500000| Untracked 
| 296|0x0000000717600000, 0x00000007176bc1a0, 0x0000000717700000| 73%| E|  |TAMS 0x0000000717600000, 0x0000000717600000| Complete 
| 297|0x0000000717700000, 0x0000000717800000, 0x0000000717800000|100%| E|CS|TAMS 0x0000000717700000, 0x0000000717700000| Complete 
| 298|0x0000000717800000, 0x0000000717900000, 0x0000000717900000|100%| E|CS|TAMS 0x0000000717800000, 0x0000000717800000| Complete 
| 299|0x0000000717900000, 0x0000000717a00000, 0x0000000717a00000|100%| E|CS|TAMS 0x0000000717900000, 0x0000000717900000| Complete 
| 300|0x0000000717a00000, 0x0000000717b00000, 0x0000000717b00000|100%| E|CS|TAMS 0x0000000717a00000, 0x0000000717a00000| Complete 
| 301|0x0000000717b00000, 0x0000000717c00000, 0x0000000717c00000|100%| E|CS|TAMS 0x0000000717b00000, 0x0000000717b00000| Complete 
| 302|0x0000000717c00000, 0x0000000717d00000, 0x0000000717d00000|100%| E|CS|TAMS 0x0000000717c00000, 0x0000000717c00000| Complete 

Card table byte_map: [0x000001c297840000,0x000001c298020000] _byte_map_base: 0x000001c294019000

Marking Bits (Prev, Next): (CMBitMap*) 0x000001c2fc2e2160, (CMBitMap*) 0x000001c2fc2e2128
 Prev Bits: [0x000001c29c6d0000, 0x000001c2a0598000)
 Next Bits: [0x000001c298800000, 0x000001c29c6c8000)

Polling page: 0x000001c280000000

Metaspace:

Usage:
  Non-class:     65.29 MB capacity,    64.19 MB ( 98%) used,   887.54 KB (  1%) free+waste,   239.19 KB ( <1%) overhead. 
      Class:      9.77 MB capacity,     9.03 MB ( 92%) used,   650.67 KB (  7%) free+waste,   112.31 KB (  1%) overhead. 
       Both:     75.06 MB capacity,    73.22 MB ( 98%) used,     1.50 MB (  2%) free+waste,   351.50 KB ( <1%) overhead. 

Virtual space:
  Non-class space:       66.00 MB reserved,      65.49 MB (>99%) committed 
      Class space:        1.00 GB reserved,       9.79 MB ( <1%) committed 
             Both:        1.06 GB reserved,      75.28 MB (  7%) committed 

Chunk freelists:
   Non-Class:  1.00 KB
       Class:  1.38 KB
        Both:  2.38 KB

CodeHeap 'non-profiled nmethods': size=120000Kb used=9539Kb max_used=9539Kb free=110460Kb
 bounds [0x000001c28f0c0000, 0x000001c28fa20000, 0x000001c2965f0000]
CodeHeap 'profiled nmethods': size=120000Kb used=20026Kb max_used=22066Kb free=99973Kb
 bounds [0x000001c287b90000, 0x000001c289120000, 0x000001c28f0c0000]
CodeHeap 'non-nmethods': size=5760Kb used=1281Kb max_used=1340Kb free=4478Kb
 bounds [0x000001c2875f0000, 0x000001c287860000, 0x000001c287b90000]
 total_blobs=10214 nmethods=9569 adapters=555
 compilation: enabled
              stopped_count=0, restarted_count=0
 full_count=0

Compilation events (10 events):
Event: 5237.243 Thread 0x000001c2a3a34000 nmethod 10267 0x000001c28fa0fd10 code [0x000001c28fa0fea0, 0x000001c28fa0ffe8]
Event: 5237.637 Thread 0x000001c2a3a34000 10268       4       org.apache.tomcat.util.net.NioChannel::read (9 bytes)
Event: 5237.653 Thread 0x000001c2a3a34000 nmethod 10268 0x000001c28fa10190 code [0x000001c28fa103a0, 0x000001c28fa10ce0]
Event: 5238.875 Thread 0x000001c2a3a34000 10269       4       org.apache.tomcat.util.net.SocketWrapperBase::populateReadBuffer (73 bytes)
Event: 5238.885 Thread 0x000001c2a3a34000 nmethod 10269 0x000001c28fa11410 code [0x000001c28fa115e0, 0x000001c28fa11ef8]
Event: 5243.586 Thread 0x000001c2a3a39800 10270       3       java.util.concurrent.ConcurrentLinkedQueue$Itr::<init> (75 bytes)
Event: 5243.587 Thread 0x000001c2a3a39800 nmethod 10270 0x000001c287bab790 code [0x000001c287babb40, 0x000001c287bad4b8]
Event: 5243.587 Thread 0x000001c2a3a39800 10271       3       org.hibernate.internal.util.collections.BoundedConcurrentHashMap$LIRS::removeFromSegment (70 bytes)
Event: 5243.587 Thread 0x000001c2a3a39800 nmethod 10271 0x000001c287ba2c90 code [0x000001c287ba2f00, 0x000001c287ba3988]
Event: 5243.768 Thread 0x000001c2a3a34000 10272   !   4       org.apache.coyote.http11.Http11Processor::service (1248 bytes)

GC Heap History (10 events):
Event: 5172.349 GC heap before
{Heap before GC invocations=9 (full 0):
 garbage-first heap   total 310272K, used 195449K [0x0000000704e00000, 0x0000000800000000)
  region size 1024K, 181 young (185344K), 18 survivors (18432K)
 Metaspace       used 74924K, capacity 76737K, committed 76832K, reserved 1116160K
  class space    used 9235K, capacity 10005K, committed 10028K, reserved 1048576K
}
Event: 5172.369 GC heap after
{Heap after GC invocations=10 (full 0):
 garbage-first heap   total 310272K, used 28523K [0x0000000704e00000, 0x0000000800000000)
  region size 1024K, 8 young (8192K), 8 survivors (8192K)
 Metaspace       used 74924K, capacity 76737K, committed 76832K, reserved 1116160K
  class space    used 9235K, capacity 10005K, committed 10028K, reserved 1048576K
}
Event: 5179.756 GC heap before
{Heap before GC invocations=10 (full 0):
 garbage-first heap   total 310272K, used 205675K [0x0000000704e00000, 0x0000000800000000)
  region size 1024K, 181 young (185344K), 8 survivors (8192K)
 Metaspace       used 74931K, capacity 76737K, committed 76832K, reserved 1116160K
  class space    used 9236K, capacity 10005K, committed 10028K, reserved 1048576K
}
Event: 5179.762 GC heap after
{Heap after GC invocations=11 (full 0):
 garbage-first heap   total 310272K, used 27538K [0x0000000704e00000, 0x0000000800000000)
  region size 1024K, 7 young (7168K), 7 survivors (7168K)
 Metaspace       used 74931K, capacity 76737K, committed 76832K, reserved 1116160K
  class space    used 9236K, capacity 10005K, committed 10028K, reserved 1048576K
}
Event: 5187.557 GC heap before
{Heap before GC invocations=11 (full 0):
 garbage-first heap   total 310272K, used 205714K [0x0000000704e00000, 0x0000000800000000)
  region size 1024K, 181 young (185344K), 7 survivors (7168K)
 Metaspace       used 74944K, capacity 76865K, committed 77088K, reserved 1116160K
  class space    used 9237K, capacity 10005K, committed 10028K, reserved 1048576K
}
Event: 5187.564 GC heap after
{Heap after GC invocations=12 (full 0):
 garbage-first heap   total 310272K, used 27454K [0x0000000704e00000, 0x0000000800000000)
  region size 1024K, 7 young (7168K), 7 survivors (7168K)
 Metaspace       used 74944K, capacity 76865K, committed 77088K, reserved 1116160K
  class space    used 9237K, capacity 10005K, committed 10028K, reserved 1048576K
}
Event: 5234.665 GC heap before
{Heap before GC invocations=12 (full 0):
 garbage-first heap   total 310272K, used 205630K [0x0000000704e00000, 0x0000000800000000)
  region size 1024K, 181 young (185344K), 7 survivors (7168K)
 Metaspace       used 74971K, capacity 76865K, committed 77088K, reserved 1116160K
  class space    used 9242K, capacity 10005K, committed 10028K, reserved 1048576K
}
Event: 5234.676 GC heap after
{Heap after GC invocations=13 (full 0):
 garbage-first heap   total 310272K, used 27729K [0x0000000704e00000, 0x0000000800000000)
  region size 1024K, 7 young (7168K), 7 survivors (7168K)
 Metaspace       used 74971K, capacity 76865K, committed 77088K, reserved 1116160K
  class space    used 9242K, capacity 10005K, committed 10028K, reserved 1048576K
}
Event: 5243.639 GC heap before
{Heap before GC invocations=13 (full 0):
 garbage-first heap   total 310272K, used 205905K [0x0000000704e00000, 0x0000000800000000)
  region size 1024K, 181 young (185344K), 7 survivors (7168K)
 Metaspace       used 74975K, capacity 76865K, committed 77088K, reserved 1116160K
  class space    used 9242K, capacity 10005K, committed 10028K, reserved 1048576K
}
Event: 5243.645 GC heap after
{Heap after GC invocations=14 (full 0):
 garbage-first heap   total 310272K, used 27578K [0x0000000704e00000, 0x0000000800000000)
  region size 1024K, 7 young (7168K), 7 survivors (7168K)
 Metaspace       used 74975K, capacity 76865K, committed 77088K, reserved 1116160K
  class space    used 9242K, capacity 10005K, committed 10028K, reserved 1048576K
}

Deoptimization events (10 events):
Event: 5166.418 Thread 0x000001c2a5744000 Uncommon trap: reason=array_check action=maybe_recompile pc=0x000001c28f748084 method=com.zaxxer.hikari.util.FastList.add(Ljava/lang/Object;)Z @ 28 c2
Event: 5166.420 Thread 0x000001c2a8595800 Uncommon trap: reason=array_check action=maybe_recompile pc=0x000001c28f748084 method=com.zaxxer.hikari.util.FastList.add(Ljava/lang/Object;)Z @ 28 c2
Event: 5172.374 Thread 0x000001c2a8594800 Uncommon trap: reason=speculate_null_assert action=make_not_entrant pc=0x000001c28f4f1900 method=org.springframework.util.ConcurrentReferenceHashMap$Segment.restructureIfNecessary(Z)V @ 41 c2
Event: 5176.963 Thread 0x000001c2a8594800 Uncommon trap: reason=array_check action=maybe_recompile pc=0x000001c28f8bf454 method=org.hibernate.engine.internal.EntityEntryContext.reentrantSafeEntityEntries()[Ljava/util/Map$Entry; @ 57 c2
Event: 5176.965 Thread 0x000001c2a8590800 Uncommon trap: reason=array_check action=maybe_recompile pc=0x000001c28f8bf454 method=org.hibernate.engine.internal.EntityEntryContext.reentrantSafeEntityEntries()[Ljava/util/Map$Entry; @ 57 c2
Event: 5176.968 Thread 0x000001c2a8597000 Uncommon trap: reason=array_check action=maybe_recompile pc=0x000001c28f8bf454 method=org.hibernate.engine.internal.EntityEntryContext.reentrantSafeEntityEntries()[Ljava/util/Map$Entry; @ 57 c2
Event: 5176.970 Thread 0x000001c2a5743800 Uncommon trap: reason=array_check action=maybe_recompile pc=0x000001c28f8bf454 method=org.hibernate.engine.internal.EntityEntryContext.reentrantSafeEntityEntries()[Ljava/util/Map$Entry; @ 57 c2
Event: 5184.797 Thread 0x000001c2a9d71800 Uncommon trap: reason=unstable_if action=reinterpret pc=0x000001c28f4c8174 method=org.h2.mvstore.MVStore.tryCommit(Ljava/util/function/Predicate;)J @ 26 c2
Event: 5196.808 Thread 0x000001c2a5743800 Uncommon trap: reason=unstable_if action=reinterpret pc=0x000001c28f1cafb4 method=org.apache.coyote.http11.Http11Processor.service(Lorg/apache/tomcat/util/net/SocketWrapperBase;)Lorg/apache/tomcat/util/net/AbstractEndpoint$Handler$SocketState; @ 1164 c2
Event: 5236.924 Thread 0x000001c2a8594800 Uncommon trap: reason=unstable_if action=reinterpret pc=0x000001c28f7ae4e8 method=org.apache.tomcat.util.net.NioEndpoint$NioSocketWrapper.fillReadBuffer(ZLjava/nio/ByteBuffer;)I @ 217 c2

Classes redefined (0 events):
No events

Internal exceptions (10 events):
Event: 29.994 Thread 0x000001c2a5744000 Exception <a 'java/lang/reflect/InvocationTargetException'{0x000000071280ac58}> (0x000000071280ac58) thrown at [./open/src/hotspot/share/runtime/reflection.cpp, line 1242]
Event: 37.020 Thread 0x000001c2a5745000 Exception <a 'java/lang/NoSuchMethodError'{0x0000000713c7a3f8}: java.lang.invoke.DirectMethodHandle$Holder.invokeStaticInit(Ljava/lang/Object;Ljava/lang/Object;Ljava/lang/Object;Ljava/lang/Object;Ljava/lang/Object;Ljava/lang/Object;)Ljava/lang/Object;> (0
Event: 59.331 Thread 0x000001c2a8597000 Exception <a 'java/lang/ClassNotFoundException'{0x00000007123b2320}: java/lang/ObjectCustomizer> (0x00000007123b2320) thrown at [./open/src/hotspot/share/classfile/systemDictionary.cpp, line 226]
Event: 59.332 Thread 0x000001c2a8597000 Exception <a 'java/lang/ClassNotFoundException'{0x00000007123c5ad0}: com/mycompany/ems/models/EmployeeCustomizer> (0x00000007123c5ad0) thrown at [./open/src/hotspot/share/classfile/systemDictionary.cpp, line 226]
Event: 1936.323 Thread 0x000001c2a8594800 Exception <a 'java/lang/reflect/InvocationTargetException'{0x0000000713bd8738}> (0x0000000713bd8738) thrown at [./open/src/hotspot/share/runtime/reflection.cpp, line 1242]
Event: 1943.538 Thread 0x000001c2a8590800 Exception <a 'java/lang/reflect/InvocationTargetException'{0x0000000711f32858}> (0x0000000711f32858) thrown at [./open/src/hotspot/share/runtime/reflection.cpp, line 1242]
Event: 2561.713 Thread 0x000001c2a8594800 Exception <a 'java/lang/reflect/InvocationTargetException'{0x00000007119e5658}> (0x00000007119e5658) thrown at [./open/src/hotspot/share/runtime/reflection.cpp, line 1242]
Event: 3729.772 Thread 0x000001c2a5743800 Exception <a 'java/lang/ClassNotFoundException'{0x0000000711df7998}: java/lang/ObjectCustomizer> (0x0000000711df7998) thrown at [./open/src/hotspot/share/classfile/systemDictionary.cpp, line 226]
Event: 3729.782 Thread 0x000001c2a5743800 Exception <a 'java/lang/ClassNotFoundException'{0x0000000710f0b600}: com/mycompany/ems/models/TimesheetCustomizer> (0x0000000710f0b600) thrown at [./open/src/hotspot/share/classfile/systemDictionary.cpp, line 226]
Event: 5196.808 Thread 0x000001c2a5743800 Exception <a 'java/io/IOException'{0x0000000714497780}> (0x0000000714497780) thrown at [./open/src/hotspot/share/prims/jni.cpp, line 611]

Events (10 events):
Event: 5233.069 loading class org/springframework/data/repository/util/QueryExecutionConverters$ExecutionAdapter done
Event: 5233.896 Thread 0x000001c2aaca9000 Thread exited: 0x000001c2aaca9000
Event: 5234.088 Thread 0x000001c2a77b2800 Thread exited: 0x000001c2a77b2800
Event: 5234.665 Executing VM operation: G1CollectForAllocation
Event: 5234.676 Executing VM operation: G1CollectForAllocation done
Event: 5236.924 Thread 0x000001c2a8594800 Uncommon trap: trap_request=0xffffff4d fr.pc=0x000001c28f7ae4e8 relative=0x00000000000025c8
Event: 5236.924 Thread 0x000001c2a8594800 DEOPT PACKING pc=0x000001c28f7ae4e8 sp=0x000000bdd2afea40
Event: 5236.924 Thread 0x000001c2a8594800 DEOPT UNPACKING pc=0x000001c2875f83af sp=0x000000bdd2afe928 mode 2
Event: 5243.639 Executing VM operation: G1CollectForAllocation
Event: 5243.645 Executing VM operation: G1CollectForAllocation done


Dynamic libraries:
0x00007ff66d150000 - 0x00007ff66d15f000 	C:\Program Files\Java\jdk-11.0.15\bin\java.exe
0x00007ffdcb4f0000 - 0x00007ffdcb6e7000 	C:\WINDOWS\SYSTEM32\ntdll.dll
0x00007ffdc95c0000 - 0x00007ffdc967d000 	C:\WINDOWS\System32\KERNEL32.DLL
0x00007ffdc8ef0000 - 0x00007ffdc91bd000 	C:\WINDOWS\System32\KERNELBASE.dll
0x00007ffdc9400000 - 0x00007ffdc9500000 	C:\WINDOWS\System32\ucrtbase.dll
0x00007ffdabce0000 - 0x00007ffdabcf5000 	C:\Program Files\Java\jdk-11.0.15\bin\VCRUNTIME140.dll
0x00007ffdabde0000 - 0x00007ffdabdf8000 	C:\Program Files\Java\jdk-11.0.15\bin\jli.dll
0x00007ffdcadd0000 - 0x00007ffdcae7e000 	C:\WINDOWS\System32\ADVAPI32.dll
0x00007ffdca9f0000 - 0x00007ffdcaa8e000 	C:\WINDOWS\System32\msvcrt.dll
0x00007ffdcaa90000 - 0x00007ffdcab2c000 	C:\WINDOWS\System32\sechost.dll
0x00007ffdcb380000 - 0x00007ffdcb4a5000 	C:\WINDOWS\System32\RPCRT4.dll
0x00007ffdc9690000 - 0x00007ffdc9830000 	C:\WINDOWS\System32\USER32.dll
0x00007ffdab8c0000 - 0x00007ffdabb5a000 	C:\WINDOWS\WinSxS\amd64_microsoft.windows.common-controls_6595b64144ccf1df_6.0.19041.1110_none_60b5254171f9507e\COMCTL32.dll
0x00007ffdc8ec0000 - 0x00007ffdc8ee2000 	C:\WINDOWS\System32\win32u.dll
0x00007ffdc9a60000 - 0x00007ffdc9a8a000 	C:\WINDOWS\System32\GDI32.dll
0x00007ffdc91c0000 - 0x00007ffdc92cb000 	C:\WINDOWS\System32\gdi32full.dll
0x00007ffdc9360000 - 0x00007ffdc93fd000 	C:\WINDOWS\System32\msvcp_win.dll
0x00007ffdc1240000 - 0x00007ffdc124a000 	C:\WINDOWS\SYSTEM32\VERSION.dll
0x00007ffdc9d70000 - 0x00007ffdc9da0000 	C:\WINDOWS\System32\IMM32.DLL
0x00007ffd56500000 - 0x00007ffd5659b000 	C:\Program Files\Java\jdk-11.0.15\bin\msvcp140.dll
0x00007ffd20060000 - 0x00007ffd20b76000 	C:\Program Files\Java\jdk-11.0.15\bin\server\jvm.dll
0x00007ffdc9550000 - 0x00007ffdc9558000 	C:\WINDOWS\System32\PSAPI.DLL
0x00007ffda1840000 - 0x00007ffda1849000 	C:\WINDOWS\SYSTEM32\WSOCK32.dll
0x00007ffda2120000 - 0x00007ffda2147000 	C:\WINDOWS\SYSTEM32\WINMM.dll
0x00007ffdcab30000 - 0x00007ffdcab9b000 	C:\WINDOWS\System32\WS2_32.dll
0x00007ffdc7300000 - 0x00007ffdc7312000 	C:\WINDOWS\SYSTEM32\kernel.appcore.dll
0x00007ffdc2130000 - 0x00007ffdc2140000 	C:\Program Files\Java\jdk-11.0.15\bin\verify.dll
0x00007ffdc6850000 - 0x00007ffdc6a34000 	C:\WINDOWS\SYSTEM32\DBGHELP.DLL
0x00007ffda2d40000 - 0x00007ffda2d6c000 	C:\WINDOWS\SYSTEM32\dbgcore.DLL
0x00007ffdc92d0000 - 0x00007ffdc9352000 	C:\WINDOWS\System32\bcryptPrimitives.dll
0x00007ffd9c7b0000 - 0x00007ffd9c7d8000 	C:\Program Files\Java\jdk-11.0.15\bin\java.dll
0x00007ffdc0d40000 - 0x00007ffdc0d4a000 	C:\Program Files\Java\jdk-11.0.15\bin\jimage.dll
0x00007ffdc5ee0000 - 0x00007ffdc5eee000 	C:\Program Files\Java\jdk-11.0.15\bin\instrument.dll
0x00007ffdab5b0000 - 0x00007ffdab5c6000 	C:\Program Files\Java\jdk-11.0.15\bin\zip.dll
0x00007ffdc9dc0000 - 0x00007ffdca504000 	C:\WINDOWS\System32\SHELL32.dll
0x00007ffdc6a40000 - 0x00007ffdc71d4000 	C:\WINDOWS\SYSTEM32\windows.storage.dll
0x00007ffdca690000 - 0x00007ffdca9e4000 	C:\WINDOWS\System32\combase.dll
0x00007ffdc8520000 - 0x00007ffdc854c000 	C:\WINDOWS\SYSTEM32\Wldp.dll
0x00007ffdca5e0000 - 0x00007ffdca68d000 	C:\WINDOWS\System32\SHCORE.dll
0x00007ffdc9950000 - 0x00007ffdc99a5000 	C:\WINDOWS\System32\shlwapi.dll
0x00007ffdc8b50000 - 0x00007ffdc8b6f000 	C:\WINDOWS\SYSTEM32\profapi.dll
0x00007ffdaa1c0000 - 0x00007ffdaa1d9000 	C:\Program Files\Java\jdk-11.0.15\bin\net.dll
0x00007ffdc7bc0000 - 0x00007ffdc7cca000 	C:\WINDOWS\SYSTEM32\WINHTTP.dll
0x00007ffdc8300000 - 0x00007ffdc836a000 	C:\WINDOWS\system32\mswsock.dll
0x00007ffd9f9b0000 - 0x00007ffd9f9c2000 	C:\Program Files\Java\jdk-11.0.15\bin\nio.dll
0x00007ffdc1920000 - 0x00007ffdc193a000 	C:\Program Files\JetBrains\IntelliJ IDEA Community Edition 2022.1.2\bin\breakgen64.dll
0x00007ffdc4fd0000 - 0x00007ffdc4fd9000 	C:\Program Files\Java\jdk-11.0.15\bin\management.dll
0x00007ffdc3030000 - 0x00007ffdc303b000 	C:\Program Files\Java\jdk-11.0.15\bin\management_ext.dll
0x00007ffda35a0000 - 0x00007ffda35b7000 	C:\WINDOWS\system32\napinsp.dll
0x00007ffda35c0000 - 0x00007ffda35db000 	C:\WINDOWS\system32\pnrpnsp.dll
0x00007ffdc3740000 - 0x00007ffdc3755000 	C:\WINDOWS\system32\wshbth.dll
0x00007ffdc4e20000 - 0x00007ffdc4e3d000 	C:\WINDOWS\system32\NLAapi.dll
0x00007ffdc8010000 - 0x00007ffdc804b000 	C:\WINDOWS\SYSTEM32\IPHLPAPI.DLL
0x00007ffdc8050000 - 0x00007ffdc811b000 	C:\WINDOWS\SYSTEM32\DNSAPI.dll
0x00007ffdc9c20000 - 0x00007ffdc9c28000 	C:\WINDOWS\System32\NSI.dll
0x00007ffda35e0000 - 0x00007ffda35f2000 	C:\WINDOWS\System32\winrnr.dll
0x0000000070c10000 - 0x0000000070c36000 	C:\Program Files\Bonjour\mdnsNSP.dll
0x00007ffdc1210000 - 0x00007ffdc121a000 	C:\Windows\System32\rasadhlp.dll
0x00007ffdc2b80000 - 0x00007ffdc2c00000 	C:\WINDOWS\System32\fwpuclnt.dll
0x00007ffdc8c10000 - 0x00007ffdc8c37000 	C:\WINDOWS\System32\bcrypt.dll
0x0000000180000000 - 0x0000000180288000 	C:\Softwares\apache-tomcat-9.0.64\bin\tcnative-1.dll
0x00007ffdc8d60000 - 0x00007ffdc8eb6000 	C:\WINDOWS\System32\CRYPT32.dll
0x00007ffdc85d0000 - 0x00007ffdc85e8000 	C:\WINDOWS\SYSTEM32\CRYPTSP.dll
0x00007ffdc7b30000 - 0x00007ffdc7b64000 	C:\WINDOWS\system32\rsaenh.dll
0x00007ffdc8ad0000 - 0x00007ffdc8afe000 	C:\WINDOWS\SYSTEM32\USERENV.dll
0x00007ffdc8490000 - 0x00007ffdc849c000 	C:\WINDOWS\SYSTEM32\CRYPTBASE.dll
0x00007ffdc2af0000 - 0x00007ffdc2b07000 	C:\WINDOWS\SYSTEM32\dhcpcsvc6.DLL
0x00007ffdc2ad0000 - 0x00007ffdc2aed000 	C:\WINDOWS\SYSTEM32\dhcpcsvc.DLL
0x00007ffdbf950000 - 0x00007ffdbf975000 	C:\Program Files\Java\jdk-11.0.15\bin\sunec.dll
0x00007ffdc2970000 - 0x00007ffdc297d000 	C:\Program Files\Java\jdk-11.0.15\bin\sunmscapi.dll
0x00007ffdc86e0000 - 0x00007ffdc8707000 	C:\WINDOWS\SYSTEM32\ncrypt.dll
0x00007ffdc86a0000 - 0x00007ffdc86db000 	C:\WINDOWS\SYSTEM32\NTASN1.dll

dbghelp: loaded successfully - version: 4.0.5 - missing functions: none
symbol engine: initialized successfully - sym options: 0x614 - pdb path: .;C:\Program Files\Java\jdk-11.0.15\bin;C:\WINDOWS\SYSTEM32;C:\WINDOWS\WinSxS\amd64_microsoft.windows.common-controls_6595b64144ccf1df_6.0.19041.1110_none_60b5254171f9507e;C:\Program Files\Java\jdk-11.0.15\bin\server;C:\Program Files\JetBrains\IntelliJ IDEA Community Edition 2022.1.2\bin;C:\Program Files\Bonjour;C:\Softwares\apache-tomcat-9.0.64\bin

VM Arguments:
jvm_args: -javaagent:C:\Program Files\JetBrains\IntelliJ IDEA Community Edition 2022.1.2\lib\idea_rt.jar=59034:C:\Program Files\JetBrains\IntelliJ IDEA Community Edition 2022.1.2\bin -Dfile.encoding=UTF-8 
java_command: com.mycompany.ems.EmployeeManagementSystemApplication
java_class_path (initial): C:\Users\gosgunad\Documents\New folder\Task 1\Employee_Management_System\target\classes;C:\Users\gosgunad\.m2\repository\org\springframework\boot\spring-boot-starter-data-jpa\2.7.1\spring-boot-starter-data-jpa-2.7.1.jar;C:\Users\gosgunad\.m2\repository\org\springframework\boot\spring-boot-starter-aop\2.7.1\spring-boot-starter-aop-2.7.1.jar;C:\Users\gosgunad\.m2\repository\org\springframework\spring-aop\5.3.21\spring-aop-5.3.21.jar;C:\Users\gosgunad\.m2\repository\org\aspectj\aspectjweaver\1.9.7\aspectjweaver-1.9.7.jar;C:\Users\gosgunad\.m2\repository\org\springframework\boot\spring-boot-starter-jdbc\2.7.1\spring-boot-starter-jdbc-2.7.1.jar;C:\Users\gosgunad\.m2\repository\com\zaxxer\HikariCP\4.0.3\HikariCP-4.0.3.jar;C:\Users\gosgunad\.m2\repository\org\springframework\spring-jdbc\5.3.21\spring-jdbc-5.3.21.jar;C:\Users\gosgunad\.m2\repository\jakarta\transaction\jakarta.transaction-api\1.3.3\jakarta.transaction-api-1.3.3.jar;C:\Users\gosgunad\.m2\repository\jakarta\persistence\jakarta.persistence-api\2.2.3\jakarta.persistence-api-2.2.3.jar;C:\Users\gosgunad\.m2\repository\org\hibernate\hibernate-core\5.6.9.Final\hibernate-core-5.6.9.Final.jar;C:\Users\gosgunad\.m2\repository\org\jboss\logging\jboss-logging\3.4.3.Final\jboss-logging-3.4.3.Final.jar;C:\Users\gosgunad\.m2\repository\net\bytebuddy\byte-buddy\1.12.11\byte-buddy-1.12.11.jar;C:\Users\gosgunad\.m2\repository\antlr\antlr\2.7.7\antlr-2.7.7.jar;C:\Users\gosgunad\.m2\repository\org\jboss\jandex\2.4.2.Final\jandex-2.4.2.Final.jar;C:\Users\gosgunad\.m2\repository\com\fasterxml\classmate\1.5.1\classmate-1.5.1.jar;C:\Users\gosgunad\.m2\repository\org\hibernate\common\hibernate-commons-annotations\5.1.2.Final\hibernate-commons-annotations-5.1.2.Final.jar;C:\Users\gosgunad\.m2\repository\org\glassfish\jaxb\jaxb-runtime\2.3.6\jaxb-runtime-2.3.6.jar;C:\Users\gosgunad\.m2\repository\org\glassfish\jaxb\txw2\2.3.6\txw2-2.3.6.jar;C:\Users\gosgunad\.m2\repository\com\sun\istack\istack-commons-run
Launcher Type: SUN_STANDARD

[Global flags]
     intx CICompilerCount                          = 4                                         {product} {ergonomic}
     uint ConcGCThreads                            = 2                                         {product} {ergonomic}
     uint G1ConcRefinementThreads                  = 8                                         {product} {ergonomic}
   size_t G1HeapRegionSize                         = 1048576                                   {product} {ergonomic}
    uintx GCDrainStackTargetSize                   = 64                                        {product} {ergonomic}
   size_t InitialHeapSize                          = 264241152                                 {product} {ergonomic}
   size_t MarkStackSize                            = 4194304                                   {product} {ergonomic}
   size_t MaxHeapSize                              = 4213178368                                {product} {ergonomic}
   size_t MaxNewSize                               = 2527068160                                {product} {ergonomic}
   size_t MinHeapDeltaBytes                        = 1048576                                   {product} {ergonomic}
    uintx NonNMethodCodeHeapSize                   = 5836300                                {pd product} {ergonomic}
    uintx NonProfiledCodeHeapSize                  = 122910970                              {pd product} {ergonomic}
    uintx ProfiledCodeHeapSize                     = 122910970                              {pd product} {ergonomic}
    uintx ReservedCodeCacheSize                    = 251658240                              {pd product} {ergonomic}
     bool SegmentedCodeCache                       = true                                      {product} {ergonomic}
     bool UseCompressedClassPointers               = true                                 {lp64_product} {ergonomic}
     bool UseCompressedOops                        = true                                 {lp64_product} {ergonomic}
     bool UseG1GC                                  = true                                      {product} {ergonomic}
     bool UseLargePagesIndividualAllocation        = false                                  {pd product} {ergonomic}

Logging:
Log output configuration:
 #0: stdout all=warning uptime,level,tags
 #1: stderr all=off uptime,level,tags

Environment Variables:
JAVA_HOME=C:\Program Files\Java\jdk-11.0.15
PATH=C:\Program Files\Python39\Scripts\;C:\Program Files\Python39\;C:\Program Files\Common Files\Oracle\Java\javapath;C:\WINDOWS\system32;C:\WINDOWS;C:\WINDOWS\System32\Wbem;C:\WINDOWS\System32\WindowsPowerShell\v1.0\;C:\WINDOWS\System32\OpenSSH\;C:\Program Files (x86)\CheckPoint\Endpoint Security\Endpoint Common\bin;C:\Program Files (x86)\Box\Box Edit\;C:\Program Files\nodejs\;C:\Program Files\Microsoft VS Code\bin;C:\Program Files\Git\cmd;;C:\Program Files\Docker\Docker\resources\bin;C:\ProgramData\DockerDesktop\version-bin;C:\Program Files\MySQL\MySQL Shell 8.0\bin\;C:\Users\gosgunad\AppData\Local\Microsoft\WindowsApps;C:\Users\gosgunad\AppData\Roaming\npm;C:\Program Files\JetBrains\IntelliJ IDEA Community Edition 2022.1.2\bin;;C:\Softwares\apache-maven-3.8.6\bin;C:\Program Files\Java\jdk-11.0.15\bin;C:\Program Files\apache-jmeter-5.5\bin;C:\Program Files\MongoDB\Server\5.0\bin;C:\Softwares\apache-tomcat-9.0.64\bin;
USERNAME=gosgunad
OS=Windows_NT
PROCESSOR_IDENTIFIER=Intel64 Family 6 Model 140 Stepping 1, GenuineIntel



---------------  S Y S T E M  ---------------

OS: Windows 10 , 64 bit Build 19041 (10.0.19041.1741)
Hyper-V role detected

CPU:total 8 (initial active 8) (4 cores per cpu, 2 threads per core) family 6 model 140 stepping 1 microcode 0x9a, cmov, cx8, fxsr, mmx, sse, sse2, sse3, ssse3, sse4.1, sse4.2, popcnt, avx, avx2, aes, clmul, erms, 3dnowpref, lzcnt, ht, tsc, tscinvbit, bmi1, bmi2, adx, evex, sha, fma

Memory: 4k page, system-wide physical 16064M (772M free)
TotalPageFile size 46471M (AvailPageFile size 5M)
current process WorkingSet (physical memory assigned to process): 324M, peak: 444M
current process commit charge ("private bytes"): 539M, peak: 582M

vm_info: Java HotSpot(TM) 64-Bit Server VM (11.0.15+8-LTS-149) for windows-amd64 JRE (11.0.15+8-LTS-149), built on Mar  9 2022 22:42:32 by "mach5one" with MS VC++ 15.9 (VS2017)

END.
